2025-06-23 12:59:54,016 [INFO] Activator:176 - 


2025-06-23 12:59:54,019 [INFO] Activator:177 - !SESSION log4j initialized
2025-06-23 12:59:57,424 [INFO] LogOutputStream:77 - [STDOUT_REDIRECT] 
2025-06-23 12:59:59,658 [INFO] ApplicationProperties:184 - Using Application install path: C:\ST\STM32CubeIDE_1.18.1\STM32CubeIDE\plugins\com.st.stm32cube.common.mx_6.14.1.202504091515
2025-06-23 12:59:59,678 [INFO] DbMcusXml:78 - Set database path to: C:\ST\STM32CubeIDE_1.18.1\STM32CubeIDE\plugins\com.st.stm32cube.common.mx_6.14.1.202504091515\\db\/mcu/
2025-06-23 12:59:59,679 [INFO] ApiDb:274 - Set plugin database path to: C:\ST\STM32CubeIDE_1.18.1\STM32CubeIDE\plugins\com.st.stm32cube.common.mx_6.14.1.202504091515\\db\/plugins/boardmanager/
2025-06-23 12:59:59,679 [WARN] ApiDb:259 - Overriding images path with different value:  => C:\ST\STM32CubeIDE_1.18.1\STM32CubeIDE\plugins\com.st.stm32cube.common.mx_6.14.1.202504091515\\db\/plugins/mcufinder/images/
2025-06-23 12:59:59,686 [INFO] ApiDb:250 - Set database path to: C:\Users\Moham\.stmcufinder\plugins\mcufinder//mcu/
2025-06-23 12:59:59,687 [INFO] DbMcusAds:125 - Set database path to: C:\Users\Moham\.stmcufinder\plugins\mcufinder//mcu/
2025-06-23 12:59:59,690 [INFO] CrossReferenceDbSqlite:203 - Set database path to: C:\Users\Moham\.stmcufinder\plugins\mcufinder//mcu/cs/
2025-06-23 12:59:59,844 [INFO] RulesReader:64 - Compatibility file has been processed (302 Rules)
2025-06-23 12:59:59,948 [INFO] DbMcusXml:78 - Set database path to: C:\ST\STM32CubeIDE_1.18.1\STM32CubeIDE\plugins\com.st.stm32cube.common.mx_6.14.1.202504091515\\db\/mcu/
2025-06-23 12:59:59,948 [INFO] ApiDb:274 - Set plugin database path to: C:\ST\STM32CubeIDE_1.18.1\STM32CubeIDE\plugins\com.st.stm32cube.common.mx_6.14.1.202504091515\\db\/plugins/boardmanager/
2025-06-23 12:59:59,948 [INFO] ApiDb:261 - Set plugin images path to: C:\ST\STM32CubeIDE_1.18.1\STM32CubeIDE\plugins\com.st.stm32cube.common.mx_6.14.1.202504091515\\db\/plugins/mcufinder/images/
2025-06-23 12:59:59,948 [WARN] DbFile:41 - Overriding database path with different value: C:\Users\Moham\.stmcufinder\plugins\mcufinder/ => C:\Users\Moham\.stmcufinder\plugins\mcufinder
2025-06-23 12:59:59,948 [INFO] ApiDb:250 - Set database path to: C:\Users\Moham\.stmcufinder\plugins\mcufinder//mcu/
2025-06-23 12:59:59,949 [WARN] DbFile:41 - Overriding database path with different value: C:\Users\Moham\.stmcufinder\plugins\mcufinder/ => C:\Users\Moham\.stmcufinder\plugins\mcufinder
2025-06-23 12:59:59,949 [INFO] DbMcusAds:125 - Set database path to: C:\Users\Moham\.stmcufinder\plugins\mcufinder//mcu/
2025-06-23 12:59:59,949 [WARN] DbFile:41 - Overriding database path with different value: C:\Users\Moham\.stmcufinder\plugins\mcufinder/ => C:\Users\Moham\.stmcufinder\plugins\mcufinder
2025-06-23 12:59:59,949 [WARN] DbFile:41 - Overriding database path with different value: C:\Users\Moham\.stmcufinder\plugins\mcufinder/ => C:\Users\Moham\.stmcufinder\plugins\mcufinder
2025-06-23 12:59:59,949 [INFO] CrossReferenceDbSqlite:203 - Set database path to: C:\Users\Moham\.stmcufinder\plugins\mcufinder//mcu/cs/
2025-06-23 13:00:00,058 [INFO] MainPanel:272 - HeapMemory: 268435456
2025-06-23 13:00:00,182 [INFO] DbMcusXml:78 - Set database path to: C:\ST\STM32CubeIDE_1.18.1\STM32CubeIDE\plugins\com.st.stm32cube.common.mx_6.14.1.202504091515\\db\/mcu/
2025-06-23 13:00:00,182 [INFO] ApiDb:274 - Set plugin database path to: C:\ST\STM32CubeIDE_1.18.1\STM32CubeIDE\plugins\com.st.stm32cube.common.mx_6.14.1.202504091515\\db\/plugins/boardmanager/
2025-06-23 13:00:00,182 [INFO] ApiDb:261 - Set plugin images path to: C:\ST\STM32CubeIDE_1.18.1\STM32CubeIDE\plugins\com.st.stm32cube.common.mx_6.14.1.202504091515\\db\/plugins/mcufinder/images/
2025-06-23 13:00:00,183 [WARN] DbFile:41 - Overriding database path with different value: C:\Users\Moham\.stmcufinder\plugins\mcufinder/ => C:\Users\Moham\.stmcufinder\plugins\mcufinder
2025-06-23 13:00:00,183 [INFO] ApiDb:250 - Set database path to: C:\Users\Moham\.stmcufinder\plugins\mcufinder//mcu/
2025-06-23 13:00:00,183 [WARN] DbFile:41 - Overriding database path with different value: C:\Users\Moham\.stmcufinder\plugins\mcufinder/ => C:\Users\Moham\.stmcufinder\plugins\mcufinder
2025-06-23 13:00:00,183 [INFO] DbMcusAds:125 - Set database path to: C:\Users\Moham\.stmcufinder\plugins\mcufinder//mcu/
2025-06-23 13:00:00,183 [WARN] DbFile:41 - Overriding database path with different value: C:\Users\Moham\.stmcufinder\plugins\mcufinder/ => C:\Users\Moham\.stmcufinder\plugins\mcufinder
2025-06-23 13:00:00,183 [WARN] DbFile:41 - Overriding database path with different value: C:\Users\Moham\.stmcufinder\plugins\mcufinder/ => C:\Users\Moham\.stmcufinder\plugins\mcufinder
2025-06-23 13:00:00,184 [INFO] CrossReferenceDbSqlite:203 - Set database path to: C:\Users\Moham\.stmcufinder\plugins\mcufinder//mcu/cs/
2025-06-23 13:00:00,203 [INFO] ApplicationProperties:184 - Using Application install path: C:\ST\STM32CubeIDE_1.18.1\STM32CubeIDE\plugins\com.st.stm32cube.common.mx_6.14.1.202504091515
2025-06-23 13:00:00,204 [INFO] PluginManage:196 - Search for loadable plugins [exclusion list=, ]
2025-06-23 13:00:00,205 [INFO] PluginManage:310 - Check plugin analytics
2025-06-23 13:00:00,487 [INFO] AnalyticsPlugin:253 - Accepted Software Licenses: STM32CubeMX.6.14.1
2025-06-23 13:00:00,488 [INFO] AnalyticsPlugin:255 - Accepted CMSIS Pack Licenses: 
2025-06-23 13:00:00,488 [INFO] AnalyticsPlugin:257 - Accepted Firmware Licenses: 
2025-06-23 13:00:00,492 [INFO] PluginManage:359 - Loaded plugin analytics (category:tool,tabindex:-1)
2025-06-23 13:00:00,492 [INFO] PluginManage:310 - Check plugin cadmodel
2025-06-23 13:00:00,500 [INFO] CADModel:105 - Init CAD model plugin
2025-06-23 13:00:00,500 [INFO] PluginManage:359 - Loaded plugin cadmodel (category:power,tabindex:5)
2025-06-23 13:00:00,500 [INFO] PluginManage:310 - Check plugin clock
2025-06-23 13:00:00,513 [INFO] PluginManage:359 - Loaded plugin clock (category:base,tabindex:2)
2025-06-23 13:00:00,513 [INFO] PluginManage:310 - Check plugin ddr
2025-06-23 13:00:00,516 [INFO] PluginManage:359 - Loaded plugin ddr (category:tool,tabindex:6)
2025-06-23 13:00:00,517 [INFO] PluginManage:310 - Check plugin filemanager
2025-06-23 13:00:00,742 [INFO] PluginManage:359 - Loaded plugin filemanager (category:base,tabindex:10)
2025-06-23 13:00:00,742 [INFO] PluginManage:310 - Check plugin ipmanager
2025-06-23 13:00:00,749 [INFO] PluginManage:359 - Loaded plugin ipmanager (category:base,tabindex:5)
2025-06-23 13:00:00,749 [INFO] PluginManage:310 - Check plugin lpbam
2025-06-23 13:00:00,757 [INFO] PluginManage:359 - Loaded plugin lpbam (category:base,tabindex:0)
2025-06-23 13:00:00,757 [INFO] PluginManage:310 - Check plugin memorymap
2025-06-23 13:00:00,772 [INFO] PluginManage:359 - Loaded plugin memorymap (category:base,tabindex:4)
2025-06-23 13:00:00,772 [INFO] PluginManage:310 - Check plugin pinoutandconfiguration
2025-06-23 13:00:00,781 [INFO] PluginManage:359 - Loaded plugin pinoutandconfiguration (category:base,tabindex:1)
2025-06-23 13:00:00,781 [INFO] PluginManage:310 - Check plugin pinoutconfig
2025-06-23 13:00:00,905 [WARN] SupportedApi:132 - Cannot load RTOS API schema: s4s-elt-must-match.1: The content of 'definitions' must match (annotation?, (simpleType | complexType)?, (unique | key | keyref)*)). A problem was found starting at: attribute.
2025-06-23 13:00:01,104 [INFO] PluginManage:359 - Loaded plugin pinoutconfig (category:base,tabindex:0)
2025-06-23 13:00:01,104 [INFO] PluginManage:310 - Check plugin power
2025-06-23 13:00:01,116 [INFO] PluginManage:359 - Loaded plugin power (category:power,tabindex:4)
2025-06-23 13:00:01,116 [INFO] PluginManage:310 - Check plugin projectmanager
2025-06-23 13:00:01,136 [INFO] PluginManage:359 - Loaded plugin projectmanager (category:projectmanager,tabindex:4)
2025-06-23 13:00:01,137 [INFO] PluginManage:310 - Check plugin rif
2025-06-23 13:00:01,144 [INFO] PluginManage:359 - Loaded plugin rif (category:base,tabindex:3)
2025-06-23 13:00:01,144 [INFO] PluginManage:310 - Check plugin thirdparty
2025-06-23 13:00:01,331 [INFO] PluginManage:359 - Loaded plugin thirdparty (category:base,tabindex:-1)
2025-06-23 13:00:01,332 [INFO] PluginManage:310 - Check plugin tools
2025-06-23 13:00:01,331 [WARN] IntegrityCheckThread:84 - waiting for thirdparty lock release [integrity check]
2025-06-23 13:00:01,333 [INFO] IntegrityCheckThread:86 - entering critical section [integrity check]
2025-06-23 13:00:01,333 [INFO] ThirdPartyUpdaterWithRetryManager:70 - Updater plugin not ready yet. [1/15]
2025-06-23 13:00:01,339 [INFO] PluginManage:359 - Loaded plugin tools (category:base,tabindex:7)
2025-06-23 13:00:01,339 [INFO] PluginManage:310 - Check plugin tutovideos
2025-06-23 13:00:01,580 [INFO] PluginManage:359 - Loaded plugin tutovideos (category:base,tabindex:-1)
2025-06-23 13:00:01,580 [INFO] PluginManage:310 - Check plugin updater
2025-06-23 13:00:01,606 [INFO] PluginManage:359 - Loaded plugin updater (category:base,tabindex:12)
2025-06-23 13:00:01,606 [INFO] PluginManage:310 - Check plugin userauth
2025-06-23 13:00:01,611 [INFO] UserAuth:118 - Init User Auth plugin
2025-06-23 13:00:01,612 [INFO] PluginManage:359 - Loaded plugin userauth (category:base,tabindex:14)
2025-06-23 13:00:01,613 [INFO] PluginManage:283 - PluginManage : Loaded plugins [18]
2025-06-23 13:00:01,843 [INFO] PinOutPanel:1589 - setPackage(No Configuration,No Configuration)
2025-06-23 13:00:01,956 [INFO] CADModel:165 - CPN selected for project level
2025-06-23 13:00:01,956 [INFO] CADModel:114 - Register for checkConnection events
2025-06-23 13:00:01,975 [INFO] IPUIPlugin:80 - create IPUIPlugin
2025-06-23 13:00:01,975 [INFO] PluginManager:220 - loadIPPluginJar : add adc
2025-06-23 13:00:01,979 [INFO] IPUIPlugin:80 - create IPUIPlugin
2025-06-23 13:00:01,979 [INFO] PluginManager:220 - loadIPPluginJar : add aes
2025-06-23 13:00:01,982 [INFO] IPUIPlugin:80 - create IPUIPlugin
2025-06-23 13:00:01,983 [INFO] PluginManager:220 - loadIPPluginJar : add can
2025-06-23 13:00:01,985 [INFO] IPUIPlugin:80 - create IPUIPlugin
2025-06-23 13:00:01,985 [INFO] PluginManager:220 - loadIPPluginJar : add comp
2025-06-23 13:00:01,989 [INFO] IPUIPlugin:80 - create IPUIPlugin
2025-06-23 13:00:01,989 [INFO] PluginManager:220 - loadIPPluginJar : add cryp
2025-06-23 13:00:01,993 [INFO] IPUIPlugin:80 - create IPUIPlugin
2025-06-23 13:00:01,993 [INFO] PluginManager:220 - loadIPPluginJar : add ddr_ctrl_phy
2025-06-23 13:00:01,996 [INFO] IPUIPlugin:80 - create IPUIPlugin
2025-06-23 13:00:01,996 [INFO] PluginManager:220 - loadIPPluginJar : add dfsdm
2025-06-23 13:00:02,003 [INFO] IPUIPlugin:80 - create IPUIPlugin
2025-06-23 13:00:02,007 [INFO] PluginManager:220 - loadIPPluginJar : add dma
2025-06-23 13:00:02,015 [INFO] IPUIPlugin:80 - create IPUIPlugin
2025-06-23 13:00:02,015 [INFO] PluginManager:220 - loadIPPluginJar : add dma3
2025-06-23 13:00:02,019 [INFO] IPUIPlugin:80 - create IPUIPlugin
2025-06-23 13:00:02,020 [INFO] PluginManager:220 - loadIPPluginJar : add extmemmanager
2025-06-23 13:00:02,022 [INFO] IPUIPlugin:80 - create IPUIPlugin
2025-06-23 13:00:02,022 [INFO] PluginManager:220 - loadIPPluginJar : add fatfs
2025-06-23 13:00:02,028 [INFO] IPUIPlugin:80 - create IPUIPlugin
2025-06-23 13:00:02,029 [INFO] PluginManager:220 - loadIPPluginJar : add fmc
2025-06-23 13:00:02,039 [INFO] IPUIPlugin:80 - create IPUIPlugin
2025-06-23 13:00:02,039 [INFO] PluginManager:220 - loadIPPluginJar : add freertos
2025-06-23 13:00:02,042 [INFO] IPUIPlugin:80 - create IPUIPlugin
2025-06-23 13:00:02,042 [INFO] PluginManager:220 - loadIPPluginJar : add genericplugin
2025-06-23 13:00:02,046 [INFO] IPUIPlugin:80 - create IPUIPlugin
2025-06-23 13:00:02,046 [INFO] PluginManager:220 - loadIPPluginJar : add gfxmmu
2025-06-23 13:00:02,053 [INFO] IPUIPlugin:80 - create IPUIPlugin
2025-06-23 13:00:02,053 [INFO] PluginManager:220 - loadIPPluginJar : add gic
2025-06-23 13:00:02,059 [INFO] IPUIPlugin:80 - create IPUIPlugin
2025-06-23 13:00:02,059 [INFO] PluginManager:220 - loadIPPluginJar : add gpio
2025-06-23 13:00:02,063 [INFO] IPUIPlugin:80 - create IPUIPlugin
2025-06-23 13:00:02,063 [INFO] PluginManager:220 - loadIPPluginJar : add gtzc
2025-06-23 13:00:02,066 [INFO] IPUIPlugin:80 - create IPUIPlugin
2025-06-23 13:00:02,066 [INFO] PluginManager:220 - loadIPPluginJar : add hash
2025-06-23 13:00:02,069 [INFO] IPUIPlugin:80 - create IPUIPlugin
2025-06-23 13:00:02,069 [INFO] PluginManager:220 - loadIPPluginJar : add i2c
2025-06-23 13:00:02,075 [INFO] IPUIPlugin:80 - create IPUIPlugin
2025-06-23 13:00:02,076 [INFO] PluginManager:220 - loadIPPluginJar : add i2s
2025-06-23 13:00:02,081 [INFO] IPUIPlugin:80 - create IPUIPlugin
2025-06-23 13:00:02,081 [INFO] PluginManager:220 - loadIPPluginJar : add i3c
2025-06-23 13:00:02,086 [INFO] IPUIPlugin:80 - create IPUIPlugin
2025-06-23 13:00:02,086 [INFO] PluginManager:220 - loadIPPluginJar : add ipddr
2025-06-23 13:00:02,094 [INFO] IPUIPlugin:80 - create IPUIPlugin
2025-06-23 13:00:02,095 [INFO] PluginManager:220 - loadIPPluginJar : add linkedlist
2025-06-23 13:00:02,099 [INFO] IPUIPlugin:80 - create IPUIPlugin
2025-06-23 13:00:02,099 [INFO] PluginManager:220 - loadIPPluginJar : add lorawan
2025-06-23 13:00:02,102 [INFO] IPUIPlugin:80 - create IPUIPlugin
2025-06-23 13:00:02,102 [INFO] PluginManager:220 - loadIPPluginJar : add ltdc
2025-06-23 13:00:02,109 [INFO] IPUIPlugin:80 - create IPUIPlugin
2025-06-23 13:00:02,109 [INFO] PluginManager:220 - loadIPPluginJar : add mdma
2025-06-23 13:00:02,114 [INFO] IPUIPlugin:80 - create IPUIPlugin
2025-06-23 13:00:02,115 [INFO] PluginManager:220 - loadIPPluginJar : add nvic
2025-06-23 13:00:02,119 [INFO] IPUIPlugin:80 - create IPUIPlugin
2025-06-23 13:00:02,120 [INFO] PluginManager:220 - loadIPPluginJar : add opamp
2025-06-23 13:00:02,124 [INFO] IPUIPlugin:80 - create IPUIPlugin
2025-06-23 13:00:02,124 [INFO] PluginManager:220 - loadIPPluginJar : add openamp
2025-06-23 13:00:02,128 [INFO] IPUIPlugin:80 - create IPUIPlugin
2025-06-23 13:00:02,129 [INFO] PluginManager:220 - loadIPPluginJar : add pdm2pcm
2025-06-23 13:00:02,134 [INFO] IPUIPlugin:80 - create IPUIPlugin
2025-06-23 13:00:02,137 [INFO] PluginManager:220 - loadIPPluginJar : add plateformsettings
2025-06-23 13:00:02,140 [INFO] IPUIPlugin:80 - create IPUIPlugin
2025-06-23 13:00:02,140 [INFO] PluginManager:220 - loadIPPluginJar : add quadspi
2025-06-23 13:00:02,143 [INFO] IPUIPlugin:80 - create IPUIPlugin
2025-06-23 13:00:02,145 [INFO] PluginManager:220 - loadIPPluginJar : add radio
2025-06-23 13:00:02,151 [INFO] IPUIPlugin:80 - create IPUIPlugin
2025-06-23 13:00:02,151 [INFO] PluginManager:220 - loadIPPluginJar : add resmgrutility
2025-06-23 13:00:02,156 [INFO] IPUIPlugin:80 - create IPUIPlugin
2025-06-23 13:00:02,157 [INFO] PluginManager:220 - loadIPPluginJar : add sai
2025-06-23 13:00:02,160 [INFO] IPUIPlugin:80 - create IPUIPlugin
2025-06-23 13:00:02,160 [INFO] PluginManager:220 - loadIPPluginJar : add spi
2025-06-23 13:00:02,169 [INFO] IPUIPlugin:80 - create IPUIPlugin
2025-06-23 13:00:02,169 [INFO] PluginManager:220 - loadIPPluginJar : add stm32_wpan
2025-06-23 13:00:02,173 [INFO] IPUIPlugin:80 - create IPUIPlugin
2025-06-23 13:00:02,173 [INFO] PluginManager:220 - loadIPPluginJar : add tim
2025-06-23 13:00:02,179 [INFO] IPUIPlugin:80 - create IPUIPlugin
2025-06-23 13:00:02,179 [INFO] PluginManager:220 - loadIPPluginJar : add touchsensing
2025-06-23 13:00:02,183 [INFO] IPUIPlugin:80 - create IPUIPlugin
2025-06-23 13:00:02,183 [INFO] PluginManager:220 - loadIPPluginJar : add tracer_emb
2025-06-23 13:00:02,186 [INFO] IPUIPlugin:80 - create IPUIPlugin
2025-06-23 13:00:02,186 [INFO] PluginManager:220 - loadIPPluginJar : add ts
2025-06-23 13:00:02,189 [INFO] IPUIPlugin:80 - create IPUIPlugin
2025-06-23 13:00:02,189 [INFO] PluginManager:220 - loadIPPluginJar : add tsc
2025-06-23 13:00:02,192 [INFO] IPUIPlugin:80 - create IPUIPlugin
2025-06-23 13:00:02,192 [INFO] PluginManager:220 - loadIPPluginJar : add ucpd
2025-06-23 13:00:02,196 [INFO] IPUIPlugin:80 - create IPUIPlugin
2025-06-23 13:00:02,196 [INFO] PluginManager:220 - loadIPPluginJar : add usart
2025-06-23 13:00:02,202 [INFO] IPUIPlugin:80 - create IPUIPlugin
2025-06-23 13:00:02,202 [INFO] PluginManager:220 - loadIPPluginJar : add usbx
2025-06-23 13:00:02,354 [FATAL] Updater:351 - Updater called before beeing initialized
2025-06-23 13:00:02,383 [INFO] RulesReader:64 - Compatibility file has been processed (302 Rules)
2025-06-23 13:00:02,395 [INFO] RulesReader:64 - Compatibility file has been processed (302 Rules)
2025-06-23 13:00:02,403 [INFO] CADModel:165 - CPN selected for project level
2025-06-23 13:00:02,403 [INFO] CADModel:114 - Register for checkConnection events
2025-06-23 13:00:02,404 [FATAL] Updater:351 - Updater called before beeing initialized
2025-06-23 13:00:02,404 [ERROR] CADModel:125 - Updater not yet initialized, retry later 
2025-06-23 13:00:02,580 [FATAL] Updater:351 - Updater called before beeing initialized
2025-06-23 13:00:02,582 [INFO] CADModel:165 - CPN selected for project level
2025-06-23 13:00:02,582 [INFO] CADModel:114 - Register for checkConnection events
2025-06-23 13:00:02,582 [FATAL] Updater:351 - Updater called before beeing initialized
2025-06-23 13:00:02,582 [ERROR] CADModel:125 - Updater not yet initialized, retry later 
2025-06-23 13:00:02,586 [FATAL] Updater:351 - Updater called before beeing initialized
2025-06-23 13:00:02,695 [FATAL] Updater:351 - Updater called before beeing initialized
2025-06-23 13:00:02,699 [INFO] DbMcusAds:53 - JSON generation date=Thu Jun 19 11:32:34 EEST 2025 (1750321954415)
2025-06-23 13:00:02,699 [FATAL] Updater:351 - Updater called before beeing initialized
2025-06-23 13:00:02,741 [WARN] DetailPanel:346 - Failed to get advertising image, set to default
2025-06-23 13:00:03,064 [FATAL] Updater:351 - Updater called before beeing initialized
2025-06-23 13:00:03,068 [FATAL] Updater:351 - Updater called before beeing initialized
2025-06-23 13:00:03,068 [FATAL] Updater:351 - Updater called before beeing initialized
2025-06-23 13:00:03,068 [WARN] DetailPanel:346 - Failed to get advertising image, set to default
2025-06-23 13:00:03,071 [FATAL] Updater:351 - Updater called before beeing initialized
2025-06-23 13:00:03,154 [ERROR] Updater:1198 - MainUpdater not yet initialized. External WinMGr cannot be set.
2025-06-23 13:00:03,156 [INFO] Updater:1134 - Updater Version found : 6.14.1
2025-06-23 13:00:03,193 [INFO] ApplicationProperties:184 - Using Application install path: C:\ST\STM32CubeIDE_1.18.1\STM32CubeIDE\plugins\com.st.stm32cube.common.mx_6.14.1.202504091515
2025-06-23 13:00:04,336 [INFO] ThirdPartyUpdaterWithRetryManager:70 - Updater plugin not ready yet. [2/15]
2025-06-23 13:00:04,768 [ERROR] LogOutputStream:75 - [STDERR_REDIRECT] Jun 23, 2025 1:00:04 PM java.util.prefs.WindowsPreferences <init>
2025-06-23 13:00:04,770 [ERROR] LogOutputStream:75 - [STDERR_REDIRECT] WARNING: Could not open/create prefs root node Software\JavaSoft\Prefs at root 0xffffffff80000002. Windows RegCreateKeyEx(...) returned error code 5.
2025-06-23 13:00:04,770 [ERROR] LogOutputStream:75 - [STDERR_REDIRECT] 
2025-06-23 13:00:05,321 [INFO] MainUpdater:2872 - connection check result : 10
2025-06-23 13:00:05,322 [INFO] MainUpdater:289 - Updater Check For Update Now.
2025-06-23 13:00:05,322 [INFO] MicroXplorer:498 - Change Database Version : DB.6.0.141
2025-06-23 13:00:05,330 [INFO] McuFinderGlobals:63 - Set McuFinder mode to 2 (CubeIDE integrated)
2025-06-23 13:00:05,331 [INFO] UserAuth:484 - Internet connection configuration mode: 1
2025-06-23 13:00:05,358 [INFO] JxBrowserEngine:152 - Initiate JxBrowser Engine with user profile folder
2025-06-23 13:00:05,570 [INFO] CheckServerUpdateThread:120 - End of CheckServer Thread
2025-06-23 13:00:06,752 [INFO] WebApp:169 - Instantiating new browser for Auth
2025-06-23 13:00:07,685 [WARN] PackLoader:240 - Cannot read IP mode file for STMicroelectronics.FP-SNS-MOTENVWB1.1.4.0
2025-06-23 13:00:07,700 [WARN] PackLoader:240 - Cannot read IP mode file for STMicroelectronics.FP-ATR-ASTRA1.2.0.2
2025-06-23 13:00:07,708 [WARN] PackLoader:240 - Cannot read IP mode file for STMicroelectronics.X-CUBE-ST60.1.0.0
2025-06-23 13:00:07,763 [WARN] PackLoader:240 - Cannot read IP mode file for Infineon.AIROC-Wi-Fi-Bluetooth-STM32.1.7.0
2025-06-23 13:00:07,805 [WARN] PackLoader:240 - Cannot read IP mode file for STMicroelectronics.X-CUBE-NFC10.1.0.0
2025-06-23 13:00:07,847 [WARN] PackLoader:240 - Cannot read IP mode file for STMicroelectronics.X-CUBE-BLEMGR.4.0.0
2025-06-23 13:00:07,872 [WARN] ConditionMgr:438 - getConditionDescription Invalid condition id : Cortex-A Device cause : null
2025-06-23 13:00:07,902 [WARN] ConditionMgr:1044 - genDependencies : Invalid condition id : Cortex-A Device cause : null
2025-06-23 13:00:07,903 [WARN] ConditionMgr:1044 - genDependencies : Invalid condition id : Cortex-A Device cause : null
2025-06-23 13:00:07,903 [WARN] ConditionMgr:1044 - genDependencies : Invalid condition id : Cortex-A Device cause : null
2025-06-23 13:00:07,910 [WARN] PackLoader:240 - Cannot read IP mode file for STMicroelectronics.X-CUBE-AI.10.0.0
2025-06-23 13:00:07,920 [WARN] PackLoader:240 - Cannot read IP mode file for STMicroelectronics.FP-SNS-SMARTAG2.1.2.0
2025-06-23 13:00:07,928 [WARN] PackLoader:240 - Cannot read IP mode file for STMicroelectronics.FP-SNS-FLIGHT1.5.1.0
2025-06-23 13:00:07,937 [WARN] PackLoader:240 - Cannot read IP mode file for STMicroelectronics.FP-SNS-MOTENV1.5.0.0
2025-06-23 13:00:07,956 [WARN] PackLoader:240 - Cannot read IP mode file for STMicroelectronics.X-CUBE-NFC9.1.0.0
2025-06-23 13:00:07,970 [WARN] PackLoader:240 - Cannot read IP mode file for STMicroelectronics.X-CUBE-BLE1.7.1.0
2025-06-23 13:00:07,976 [WARN] PackLoader:240 - Cannot read IP mode file for wolfSSL.I-CUBE-wolfMQTT.1.19.2
2025-06-23 13:00:07,981 [WARN] PackLoader:240 - Cannot read IP mode file for STMicroelectronics.X-CUBE-AI.10.1.0
2025-06-23 13:00:08,042 [INFO] WebApp:463 - Apply proxy settings
2025-06-23 13:00:08,043 [INFO] WebApp:548 - Chromium requires no authentication
2025-06-23 13:00:08,066 [INFO] WebApp:491 - Direct internet connection detected
2025-06-23 13:00:08,090 [WARN] PackLoader:240 - Cannot read IP mode file for STMicroelectronics.X-CUBE-MEMS1.11.2.0
2025-06-23 13:00:08,143 [INFO] WebApp:894 - Register for checkConnection events
2025-06-23 13:00:08,143 [INFO] WebApp:463 - Apply proxy settings
2025-06-23 13:00:08,143 [INFO] WebApp:548 - Chromium requires no authentication
2025-06-23 13:00:08,144 [INFO] WebApp:491 - Direct internet connection detected
2025-06-23 13:00:08,346 [WARN] PackLoader:240 - Cannot read IP mode file for STMicroelectronics.X-CUBE-SAFEA1.1.2.2
2025-06-23 13:00:08,362 [WARN] PackLoader:240 - Cannot read IP mode file for EmbeddedOffice.I-CUBE-FS-RTOS.1.0.1
2025-06-23 13:00:08,369 [WARN] PackLoader:240 - Cannot read IP mode file for STMicroelectronics.X-CUBE-WB05N.2.0.0
2025-06-23 13:00:08,374 [WARN] PackLoader:240 - Cannot read IP mode file for wolfSSL.I-CUBE-wolfTPM.3.8.0
2025-06-23 13:00:08,385 [WARN] PackLoader:240 - Cannot read IP mode file for STMicroelectronics.X-CUBE-TCPP.4.2.0
2025-06-23 13:00:08,394 [WARN] PackLoader:240 - Cannot read IP mode file for RealThread.X-CUBE-RT-Thread_Nano.4.1.1
2025-06-23 13:00:08,403 [WARN] PackLoader:240 - Cannot read IP mode file for STMicroelectronics.X-CUBE-EEPRMA1.5.1.0
2025-06-23 13:00:08,411 [WARN] PackLoader:240 - Cannot read IP mode file for ITTIA_DB.I-CUBE-ITTIADB.8.9.0
2025-06-23 13:00:08,419 [WARN] PackLoader:240 - Cannot read IP mode file for STMicroelectronics.X-CUBE-ST67W61.1.0.0
2025-06-23 13:00:08,429 [WARN] PackLoader:240 - Cannot read IP mode file for STMicroelectronics.X-CUBE-ALGOBUILD.1.4.0
2025-06-23 13:00:08,496 [INFO] WebApp:191 - Connection restablished
2025-06-23 13:00:08,532 [WARN] PackLoader:240 - Cannot read IP mode file for STMicroelectronics.X-CUBE-MEMS1.11.3.0
2025-06-23 13:00:08,782 [INFO] WebApp:225 - Starting web application
2025-06-23 13:00:08,783 [INFO] WebApp:593 - Web application path used C:\ST\STM32CubeIDE_1.18.1\STM32CubeIDE\plugins\com.st.stm32cube.common.mx_6.14.1.202504091515\db\plugins\mcufinder\reactClient1\index.html
2025-06-23 13:00:08,801 [WARN] PackLoader:240 - Cannot read IP mode file for STMicroelectronics.X-CUBE-PM33A1.1.0.0
2025-06-23 13:00:08,808 [WARN] PackLoader:240 - Cannot read IP mode file for Avnet-IotConnect.X-CUBE-IoTC-DA16k-PMOD.1.0.0
2025-06-23 13:00:08,813 [WARN] PackLoader:240 - Cannot read IP mode file for STMicroelectronics.X-CUBE-ISPU.2.1.0
2025-06-23 13:00:08,823 [WARN] PackLoader:240 - Cannot read IP mode file for STMicroelectronics.X-CUBE-NFC6.3.1.0
2025-06-23 13:00:08,838 [WARN] PackLoader:240 - Cannot read IP mode file for STMicroelectronics.X-CUBE-FREERTOS.1.3.1
2025-06-23 13:00:08,854 [WARN] PackLoader:240 - Cannot read IP mode file for STMicroelectronics.X-CUBE-DPower.1.3.0
2025-06-23 13:00:08,890 [WARN] PackLoader:240 - Cannot read IP mode file for STMicroelectronics.X-CUBE-AZRTOS-H7.3.3.0
2025-06-23 13:00:08,902 [WARN] PackLoader:240 - Cannot read IP mode file for STMicroelectronics.X-CUBE-GNSS1.7.0.1
2025-06-23 13:00:08,915 [WARN] PackLoader:240 - Cannot read IP mode file for STMicroelectronics.X-CUBE-TOUCHGFX.4.25.0
2025-06-23 13:00:08,929 [WARN] PackLoader:240 - Cannot read IP mode file for STMicroelectronics.FP-SNS-STBOX1.2.0.0
2025-06-23 13:00:08,989 [WARN] PackLoader:240 - Cannot read IP mode file for STMicroelectronics.X-CUBE-AZRTOS-H7RS.1.1.0
2025-06-23 13:00:09,004 [WARN] PackLoader:240 - Cannot read IP mode file for Cesanta.I-CUBE-Mongoose.7.13.0
2025-06-23 13:00:09,018 [WARN] PackLoader:240 - Cannot read IP mode file for wolfSSL.I-CUBE-wolfSSH.1.4.20
2025-06-23 13:00:09,028 [WARN] PackLoader:240 - Cannot read IP mode file for STMicroelectronics.X-CUBE-NFC7.2.0.0
2025-06-23 13:00:09,057 [WARN] PackLoader:240 - Cannot read IP mode file for STMicroelectronics.X-CUBE-IPS.3.1.0
2025-06-23 13:00:09,089 [WARN] PackLoader:240 - Cannot read IP mode file for STMicroelectronics.X-CUBE-ALS.1.0.2
2025-06-23 13:00:09,109 [INFO] UserAuth:484 - Internet connection configuration mode: 1
2025-06-23 13:00:09,116 [WARN] PackLoader:240 - Cannot read IP mode file for STMicroelectronics.X-CUBE-TOF1.3.4.3
2025-06-23 13:00:09,136 [INFO] ThirdParty:978 - Integrity check success = true
2025-06-23 13:00:09,136 [INFO] IntegrityCheckThread:100 - exiting critical section [integrity check]
2025-06-23 13:00:09,136 [INFO] IntegrityCheckThread:103 - End integrity checks thread
2025-06-23 14:03:07,340 [ERROR] LogOutputStream:75 - [STDERR_REDIRECT] 
