2025-06-24 09:36:41,496 [INFO] Activator:176 - 


2025-06-24 09:36:41,502 [INFO] Activator:177 - !SESSION log4j initialized
2025-06-24 09:36:49,502 [INFO] LogOutputStream:77 - [STDOUT_REDIRECT] 
2025-06-24 09:36:50,438 [INFO] ApplicationProperties:184 - Using Application install path: C:\ST\STM32CubeIDE_1.18.1\STM32CubeIDE\plugins\com.st.stm32cube.common.mx_6.14.1.202504091515
2025-06-24 09:36:50,455 [INFO] DbMcusXml:78 - Set database path to: C:\ST\STM32CubeIDE_1.18.1\STM32CubeIDE\plugins\com.st.stm32cube.common.mx_6.14.1.202504091515\\db\/mcu/
2025-06-24 09:36:50,456 [INFO] ApiDb:274 - Set plugin database path to: C:\ST\STM32CubeIDE_1.18.1\STM32CubeIDE\plugins\com.st.stm32cube.common.mx_6.14.1.202504091515\\db\/plugins/boardmanager/
2025-06-24 09:36:50,456 [WARN] ApiDb:259 - Overriding images path with different value:  => C:\ST\STM32CubeIDE_1.18.1\STM32CubeIDE\plugins\com.st.stm32cube.common.mx_6.14.1.202504091515\\db\/plugins/mcufinder/images/
2025-06-24 09:36:50,464 [INFO] ApiDb:250 - Set database path to: C:\Users\Moham\.stmcufinder\plugins\mcufinder//mcu/
2025-06-24 09:36:50,465 [INFO] DbMcusAds:125 - Set database path to: C:\Users\Moham\.stmcufinder\plugins\mcufinder//mcu/
2025-06-24 09:36:50,468 [INFO] CrossReferenceDbSqlite:203 - Set database path to: C:\Users\Moham\.stmcufinder\plugins\mcufinder//mcu/cs/
2025-06-24 09:36:50,613 [INFO] RulesReader:64 - Compatibility file has been processed (302 Rules)
2025-06-24 09:36:50,715 [INFO] DbMcusXml:78 - Set database path to: C:\ST\STM32CubeIDE_1.18.1\STM32CubeIDE\plugins\com.st.stm32cube.common.mx_6.14.1.202504091515\\db\/mcu/
2025-06-24 09:36:50,715 [INFO] ApiDb:274 - Set plugin database path to: C:\ST\STM32CubeIDE_1.18.1\STM32CubeIDE\plugins\com.st.stm32cube.common.mx_6.14.1.202504091515\\db\/plugins/boardmanager/
2025-06-24 09:36:50,716 [INFO] ApiDb:261 - Set plugin images path to: C:\ST\STM32CubeIDE_1.18.1\STM32CubeIDE\plugins\com.st.stm32cube.common.mx_6.14.1.202504091515\\db\/plugins/mcufinder/images/
2025-06-24 09:36:50,716 [WARN] DbFile:41 - Overriding database path with different value: C:\Users\Moham\.stmcufinder\plugins\mcufinder/ => C:\Users\Moham\.stmcufinder\plugins\mcufinder
2025-06-24 09:36:50,716 [INFO] ApiDb:250 - Set database path to: C:\Users\Moham\.stmcufinder\plugins\mcufinder//mcu/
2025-06-24 09:36:50,716 [WARN] DbFile:41 - Overriding database path with different value: C:\Users\Moham\.stmcufinder\plugins\mcufinder/ => C:\Users\Moham\.stmcufinder\plugins\mcufinder
2025-06-24 09:36:50,716 [INFO] DbMcusAds:125 - Set database path to: C:\Users\Moham\.stmcufinder\plugins\mcufinder//mcu/
2025-06-24 09:36:50,716 [WARN] DbFile:41 - Overriding database path with different value: C:\Users\Moham\.stmcufinder\plugins\mcufinder/ => C:\Users\Moham\.stmcufinder\plugins\mcufinder
2025-06-24 09:36:50,716 [WARN] DbFile:41 - Overriding database path with different value: C:\Users\Moham\.stmcufinder\plugins\mcufinder/ => C:\Users\Moham\.stmcufinder\plugins\mcufinder
2025-06-24 09:36:50,717 [INFO] CrossReferenceDbSqlite:203 - Set database path to: C:\Users\Moham\.stmcufinder\plugins\mcufinder//mcu/cs/
2025-06-24 09:36:50,800 [INFO] MainPanel:272 - HeapMemory: 268435456
2025-06-24 09:36:50,910 [INFO] DbMcusXml:78 - Set database path to: C:\ST\STM32CubeIDE_1.18.1\STM32CubeIDE\plugins\com.st.stm32cube.common.mx_6.14.1.202504091515\\db\/mcu/
2025-06-24 09:36:50,910 [INFO] ApiDb:274 - Set plugin database path to: C:\ST\STM32CubeIDE_1.18.1\STM32CubeIDE\plugins\com.st.stm32cube.common.mx_6.14.1.202504091515\\db\/plugins/boardmanager/
2025-06-24 09:36:50,910 [INFO] ApiDb:261 - Set plugin images path to: C:\ST\STM32CubeIDE_1.18.1\STM32CubeIDE\plugins\com.st.stm32cube.common.mx_6.14.1.202504091515\\db\/plugins/mcufinder/images/
2025-06-24 09:36:50,912 [WARN] DbFile:41 - Overriding database path with different value: C:\Users\Moham\.stmcufinder\plugins\mcufinder/ => C:\Users\Moham\.stmcufinder\plugins\mcufinder
2025-06-24 09:36:50,912 [INFO] ApiDb:250 - Set database path to: C:\Users\Moham\.stmcufinder\plugins\mcufinder//mcu/
2025-06-24 09:36:50,912 [WARN] DbFile:41 - Overriding database path with different value: C:\Users\Moham\.stmcufinder\plugins\mcufinder/ => C:\Users\Moham\.stmcufinder\plugins\mcufinder
2025-06-24 09:36:50,912 [INFO] DbMcusAds:125 - Set database path to: C:\Users\Moham\.stmcufinder\plugins\mcufinder//mcu/
2025-06-24 09:36:50,912 [WARN] DbFile:41 - Overriding database path with different value: C:\Users\Moham\.stmcufinder\plugins\mcufinder/ => C:\Users\Moham\.stmcufinder\plugins\mcufinder
2025-06-24 09:36:50,912 [WARN] DbFile:41 - Overriding database path with different value: C:\Users\Moham\.stmcufinder\plugins\mcufinder/ => C:\Users\Moham\.stmcufinder\plugins\mcufinder
2025-06-24 09:36:50,912 [INFO] CrossReferenceDbSqlite:203 - Set database path to: C:\Users\Moham\.stmcufinder\plugins\mcufinder//mcu/cs/
2025-06-24 09:36:50,935 [INFO] ApplicationProperties:184 - Using Application install path: C:\ST\STM32CubeIDE_1.18.1\STM32CubeIDE\plugins\com.st.stm32cube.common.mx_6.14.1.202504091515
2025-06-24 09:36:50,938 [INFO] PluginManage:196 - Search for loadable plugins [exclusion list=, ]
2025-06-24 09:36:50,941 [INFO] PluginManage:310 - Check plugin analytics
2025-06-24 09:36:51,202 [INFO] AnalyticsPlugin:253 - Accepted Software Licenses: STM32CubeMX.6.14.1
2025-06-24 09:36:51,202 [INFO] AnalyticsPlugin:255 - Accepted CMSIS Pack Licenses: 
2025-06-24 09:36:51,202 [INFO] AnalyticsPlugin:257 - Accepted Firmware Licenses: 
2025-06-24 09:36:51,206 [INFO] PluginManage:359 - Loaded plugin analytics (category:tool,tabindex:-1)
2025-06-24 09:36:51,206 [INFO] PluginManage:310 - Check plugin cadmodel
2025-06-24 09:36:51,213 [INFO] CADModel:105 - Init CAD model plugin
2025-06-24 09:36:51,213 [INFO] PluginManage:359 - Loaded plugin cadmodel (category:power,tabindex:5)
2025-06-24 09:36:51,213 [INFO] PluginManage:310 - Check plugin clock
2025-06-24 09:36:51,226 [INFO] PluginManage:359 - Loaded plugin clock (category:base,tabindex:2)
2025-06-24 09:36:51,226 [INFO] PluginManage:310 - Check plugin ddr
2025-06-24 09:36:51,229 [INFO] PluginManage:359 - Loaded plugin ddr (category:tool,tabindex:6)
2025-06-24 09:36:51,229 [INFO] PluginManage:310 - Check plugin filemanager
2025-06-24 09:36:51,397 [INFO] PluginManage:359 - Loaded plugin filemanager (category:base,tabindex:10)
2025-06-24 09:36:51,397 [INFO] PluginManage:310 - Check plugin ipmanager
2025-06-24 09:36:51,403 [INFO] PluginManage:359 - Loaded plugin ipmanager (category:base,tabindex:5)
2025-06-24 09:36:51,403 [INFO] PluginManage:310 - Check plugin lpbam
2025-06-24 09:36:51,410 [INFO] PluginManage:359 - Loaded plugin lpbam (category:base,tabindex:0)
2025-06-24 09:36:51,411 [INFO] PluginManage:310 - Check plugin memorymap
2025-06-24 09:36:51,424 [INFO] PluginManage:359 - Loaded plugin memorymap (category:base,tabindex:4)
2025-06-24 09:36:51,424 [INFO] PluginManage:310 - Check plugin pinoutandconfiguration
2025-06-24 09:36:51,434 [INFO] PluginManage:359 - Loaded plugin pinoutandconfiguration (category:base,tabindex:1)
2025-06-24 09:36:51,434 [INFO] PluginManage:310 - Check plugin pinoutconfig
2025-06-24 09:36:51,542 [WARN] SupportedApi:132 - Cannot load RTOS API schema: s4s-elt-must-match.1: The content of 'definitions' must match (annotation?, (simpleType | complexType)?, (unique | key | keyref)*)). A problem was found starting at: attribute.
2025-06-24 09:36:51,697 [INFO] PluginManage:359 - Loaded plugin pinoutconfig (category:base,tabindex:0)
2025-06-24 09:36:51,697 [INFO] PluginManage:310 - Check plugin power
2025-06-24 09:36:51,713 [INFO] PluginManage:359 - Loaded plugin power (category:power,tabindex:4)
2025-06-24 09:36:51,713 [INFO] PluginManage:310 - Check plugin projectmanager
2025-06-24 09:36:51,730 [INFO] PluginManage:359 - Loaded plugin projectmanager (category:projectmanager,tabindex:4)
2025-06-24 09:36:51,730 [INFO] PluginManage:310 - Check plugin rif
2025-06-24 09:36:51,738 [INFO] PluginManage:359 - Loaded plugin rif (category:base,tabindex:3)
2025-06-24 09:36:51,739 [INFO] PluginManage:310 - Check plugin thirdparty
2025-06-24 09:36:51,892 [WARN] IntegrityCheckThread:84 - waiting for thirdparty lock release [integrity check]
2025-06-24 09:36:51,892 [INFO] IntegrityCheckThread:86 - entering critical section [integrity check]
2025-06-24 09:36:51,892 [INFO] ThirdPartyUpdaterWithRetryManager:70 - Updater plugin not ready yet. [1/15]
2025-06-24 09:36:51,893 [INFO] PluginManage:359 - Loaded plugin thirdparty (category:base,tabindex:-1)
2025-06-24 09:36:51,893 [INFO] PluginManage:310 - Check plugin tools
2025-06-24 09:36:51,897 [INFO] PluginManage:359 - Loaded plugin tools (category:base,tabindex:7)
2025-06-24 09:36:51,897 [INFO] PluginManage:310 - Check plugin tutovideos
2025-06-24 09:36:52,109 [INFO] PluginManage:359 - Loaded plugin tutovideos (category:base,tabindex:-1)
2025-06-24 09:36:52,109 [INFO] PluginManage:310 - Check plugin updater
2025-06-24 09:36:52,132 [INFO] PluginManage:359 - Loaded plugin updater (category:base,tabindex:12)
2025-06-24 09:36:52,132 [INFO] PluginManage:310 - Check plugin userauth
2025-06-24 09:36:52,138 [INFO] UserAuth:118 - Init User Auth plugin
2025-06-24 09:36:52,140 [INFO] PluginManage:359 - Loaded plugin userauth (category:base,tabindex:14)
2025-06-24 09:36:52,140 [INFO] PluginManage:283 - PluginManage : Loaded plugins [18]
2025-06-24 09:36:52,398 [INFO] PinOutPanel:1589 - setPackage(No Configuration,No Configuration)
2025-06-24 09:36:52,491 [INFO] CADModel:165 - CPN selected for project level
2025-06-24 09:36:52,491 [INFO] CADModel:114 - Register for checkConnection events
2025-06-24 09:36:52,507 [INFO] IPUIPlugin:80 - create IPUIPlugin
2025-06-24 09:36:52,507 [INFO] PluginManager:220 - loadIPPluginJar : add adc
2025-06-24 09:36:52,510 [INFO] IPUIPlugin:80 - create IPUIPlugin
2025-06-24 09:36:52,510 [INFO] PluginManager:220 - loadIPPluginJar : add aes
2025-06-24 09:36:52,513 [INFO] IPUIPlugin:80 - create IPUIPlugin
2025-06-24 09:36:52,513 [INFO] PluginManager:220 - loadIPPluginJar : add can
2025-06-24 09:36:52,514 [INFO] IPUIPlugin:80 - create IPUIPlugin
2025-06-24 09:36:52,514 [INFO] PluginManager:220 - loadIPPluginJar : add comp
2025-06-24 09:36:52,516 [INFO] IPUIPlugin:80 - create IPUIPlugin
2025-06-24 09:36:52,516 [INFO] PluginManager:220 - loadIPPluginJar : add cryp
2025-06-24 09:36:52,519 [INFO] IPUIPlugin:80 - create IPUIPlugin
2025-06-24 09:36:52,519 [INFO] PluginManager:220 - loadIPPluginJar : add ddr_ctrl_phy
2025-06-24 09:36:52,521 [INFO] IPUIPlugin:80 - create IPUIPlugin
2025-06-24 09:36:52,521 [INFO] PluginManager:220 - loadIPPluginJar : add dfsdm
2025-06-24 09:36:52,525 [INFO] IPUIPlugin:80 - create IPUIPlugin
2025-06-24 09:36:52,526 [INFO] PluginManager:220 - loadIPPluginJar : add dma
2025-06-24 09:36:52,529 [INFO] IPUIPlugin:80 - create IPUIPlugin
2025-06-24 09:36:52,529 [INFO] PluginManager:220 - loadIPPluginJar : add dma3
2025-06-24 09:36:52,531 [INFO] IPUIPlugin:80 - create IPUIPlugin
2025-06-24 09:36:52,531 [INFO] PluginManager:220 - loadIPPluginJar : add extmemmanager
2025-06-24 09:36:52,533 [INFO] IPUIPlugin:80 - create IPUIPlugin
2025-06-24 09:36:52,533 [INFO] PluginManager:220 - loadIPPluginJar : add fatfs
2025-06-24 09:36:52,537 [INFO] IPUIPlugin:80 - create IPUIPlugin
2025-06-24 09:36:52,537 [INFO] PluginManager:220 - loadIPPluginJar : add fmc
2025-06-24 09:36:52,548 [INFO] IPUIPlugin:80 - create IPUIPlugin
2025-06-24 09:36:52,548 [INFO] PluginManager:220 - loadIPPluginJar : add freertos
2025-06-24 09:36:52,550 [INFO] IPUIPlugin:80 - create IPUIPlugin
2025-06-24 09:36:52,550 [INFO] PluginManager:220 - loadIPPluginJar : add genericplugin
2025-06-24 09:36:52,552 [INFO] IPUIPlugin:80 - create IPUIPlugin
2025-06-24 09:36:52,553 [INFO] PluginManager:220 - loadIPPluginJar : add gfxmmu
2025-06-24 09:36:52,557 [INFO] IPUIPlugin:80 - create IPUIPlugin
2025-06-24 09:36:52,557 [INFO] PluginManager:220 - loadIPPluginJar : add gic
2025-06-24 09:36:52,561 [INFO] IPUIPlugin:80 - create IPUIPlugin
2025-06-24 09:36:52,561 [INFO] PluginManager:220 - loadIPPluginJar : add gpio
2025-06-24 09:36:52,564 [INFO] IPUIPlugin:80 - create IPUIPlugin
2025-06-24 09:36:52,564 [INFO] PluginManager:220 - loadIPPluginJar : add gtzc
2025-06-24 09:36:52,567 [INFO] IPUIPlugin:80 - create IPUIPlugin
2025-06-24 09:36:52,567 [INFO] PluginManager:220 - loadIPPluginJar : add hash
2025-06-24 09:36:52,569 [INFO] IPUIPlugin:80 - create IPUIPlugin
2025-06-24 09:36:52,569 [INFO] PluginManager:220 - loadIPPluginJar : add i2c
2025-06-24 09:36:52,572 [INFO] IPUIPlugin:80 - create IPUIPlugin
2025-06-24 09:36:52,572 [INFO] PluginManager:220 - loadIPPluginJar : add i2s
2025-06-24 09:36:52,575 [INFO] IPUIPlugin:80 - create IPUIPlugin
2025-06-24 09:36:52,575 [INFO] PluginManager:220 - loadIPPluginJar : add i3c
2025-06-24 09:36:52,578 [INFO] IPUIPlugin:80 - create IPUIPlugin
2025-06-24 09:36:52,578 [INFO] PluginManager:220 - loadIPPluginJar : add ipddr
2025-06-24 09:36:52,584 [INFO] IPUIPlugin:80 - create IPUIPlugin
2025-06-24 09:36:52,585 [INFO] PluginManager:220 - loadIPPluginJar : add linkedlist
2025-06-24 09:36:52,588 [INFO] IPUIPlugin:80 - create IPUIPlugin
2025-06-24 09:36:52,588 [INFO] PluginManager:220 - loadIPPluginJar : add lorawan
2025-06-24 09:36:52,590 [INFO] IPUIPlugin:80 - create IPUIPlugin
2025-06-24 09:36:52,590 [INFO] PluginManager:220 - loadIPPluginJar : add ltdc
2025-06-24 09:36:52,595 [INFO] IPUIPlugin:80 - create IPUIPlugin
2025-06-24 09:36:52,595 [INFO] PluginManager:220 - loadIPPluginJar : add mdma
2025-06-24 09:36:52,598 [INFO] IPUIPlugin:80 - create IPUIPlugin
2025-06-24 09:36:52,598 [INFO] PluginManager:220 - loadIPPluginJar : add nvic
2025-06-24 09:36:52,602 [INFO] IPUIPlugin:80 - create IPUIPlugin
2025-06-24 09:36:52,602 [INFO] PluginManager:220 - loadIPPluginJar : add opamp
2025-06-24 09:36:52,605 [INFO] IPUIPlugin:80 - create IPUIPlugin
2025-06-24 09:36:52,605 [INFO] PluginManager:220 - loadIPPluginJar : add openamp
2025-06-24 09:36:52,608 [INFO] IPUIPlugin:80 - create IPUIPlugin
2025-06-24 09:36:52,609 [INFO] PluginManager:220 - loadIPPluginJar : add pdm2pcm
2025-06-24 09:36:52,613 [INFO] IPUIPlugin:80 - create IPUIPlugin
2025-06-24 09:36:52,615 [INFO] PluginManager:220 - loadIPPluginJar : add plateformsettings
2025-06-24 09:36:52,617 [INFO] IPUIPlugin:80 - create IPUIPlugin
2025-06-24 09:36:52,617 [INFO] PluginManager:220 - loadIPPluginJar : add quadspi
2025-06-24 09:36:52,619 [INFO] IPUIPlugin:80 - create IPUIPlugin
2025-06-24 09:36:52,620 [INFO] PluginManager:220 - loadIPPluginJar : add radio
2025-06-24 09:36:52,623 [INFO] IPUIPlugin:80 - create IPUIPlugin
2025-06-24 09:36:52,623 [INFO] PluginManager:220 - loadIPPluginJar : add resmgrutility
2025-06-24 09:36:52,627 [INFO] IPUIPlugin:80 - create IPUIPlugin
2025-06-24 09:36:52,627 [INFO] PluginManager:220 - loadIPPluginJar : add sai
2025-06-24 09:36:52,631 [INFO] IPUIPlugin:80 - create IPUIPlugin
2025-06-24 09:36:52,631 [INFO] PluginManager:220 - loadIPPluginJar : add spi
2025-06-24 09:36:52,637 [INFO] IPUIPlugin:80 - create IPUIPlugin
2025-06-24 09:36:52,637 [INFO] PluginManager:220 - loadIPPluginJar : add stm32_wpan
2025-06-24 09:36:52,638 [INFO] IPUIPlugin:80 - create IPUIPlugin
2025-06-24 09:36:52,638 [INFO] PluginManager:220 - loadIPPluginJar : add tim
2025-06-24 09:36:52,641 [INFO] IPUIPlugin:80 - create IPUIPlugin
2025-06-24 09:36:52,641 [INFO] PluginManager:220 - loadIPPluginJar : add touchsensing
2025-06-24 09:36:52,643 [INFO] IPUIPlugin:80 - create IPUIPlugin
2025-06-24 09:36:52,644 [INFO] PluginManager:220 - loadIPPluginJar : add tracer_emb
2025-06-24 09:36:52,646 [INFO] IPUIPlugin:80 - create IPUIPlugin
2025-06-24 09:36:52,646 [INFO] PluginManager:220 - loadIPPluginJar : add ts
2025-06-24 09:36:52,647 [INFO] IPUIPlugin:80 - create IPUIPlugin
2025-06-24 09:36:52,647 [INFO] PluginManager:220 - loadIPPluginJar : add tsc
2025-06-24 09:36:52,649 [INFO] IPUIPlugin:80 - create IPUIPlugin
2025-06-24 09:36:52,649 [INFO] PluginManager:220 - loadIPPluginJar : add ucpd
2025-06-24 09:36:52,653 [INFO] IPUIPlugin:80 - create IPUIPlugin
2025-06-24 09:36:52,653 [INFO] PluginManager:220 - loadIPPluginJar : add usart
2025-06-24 09:36:52,656 [INFO] IPUIPlugin:80 - create IPUIPlugin
2025-06-24 09:36:52,656 [INFO] PluginManager:220 - loadIPPluginJar : add usbx
2025-06-24 09:36:52,784 [FATAL] Updater:351 - Updater called before beeing initialized
2025-06-24 09:36:52,808 [INFO] RulesReader:64 - Compatibility file has been processed (302 Rules)
2025-06-24 09:36:52,822 [INFO] RulesReader:64 - Compatibility file has been processed (302 Rules)
2025-06-24 09:36:52,832 [INFO] CADModel:165 - CPN selected for project level
2025-06-24 09:36:52,832 [INFO] CADModel:114 - Register for checkConnection events
2025-06-24 09:36:52,832 [FATAL] Updater:351 - Updater called before beeing initialized
2025-06-24 09:36:52,832 [ERROR] CADModel:125 - Updater not yet initialized, retry later 
2025-06-24 09:36:53,013 [FATAL] Updater:351 - Updater called before beeing initialized
2025-06-24 09:36:53,016 [INFO] CADModel:165 - CPN selected for project level
2025-06-24 09:36:53,016 [INFO] CADModel:114 - Register for checkConnection events
2025-06-24 09:36:53,016 [FATAL] Updater:351 - Updater called before beeing initialized
2025-06-24 09:36:53,016 [ERROR] CADModel:125 - Updater not yet initialized, retry later 
2025-06-24 09:36:53,020 [FATAL] Updater:351 - Updater called before beeing initialized
2025-06-24 09:36:53,132 [FATAL] Updater:351 - Updater called before beeing initialized
2025-06-24 09:36:53,137 [INFO] DbMcusAds:53 - JSON generation date=Thu Jun 19 11:32:34 EEST 2025 (1750321954384)
2025-06-24 09:36:53,137 [FATAL] Updater:351 - Updater called before beeing initialized
2025-06-24 09:36:53,174 [WARN] DetailPanel:346 - Failed to get advertising image, set to default
2025-06-24 09:36:53,409 [FATAL] Updater:351 - Updater called before beeing initialized
2025-06-24 09:36:53,411 [FATAL] Updater:351 - Updater called before beeing initialized
2025-06-24 09:36:53,411 [FATAL] Updater:351 - Updater called before beeing initialized
2025-06-24 09:36:53,411 [WARN] DetailPanel:346 - Failed to get advertising image, set to default
2025-06-24 09:36:53,412 [FATAL] Updater:351 - Updater called before beeing initialized
2025-06-24 09:36:53,468 [ERROR] Updater:1198 - MainUpdater not yet initialized. External WinMGr cannot be set.
2025-06-24 09:36:53,470 [INFO] Updater:1134 - Updater Version found : 6.14.1
2025-06-24 09:36:53,491 [INFO] ApplicationProperties:184 - Using Application install path: C:\ST\STM32CubeIDE_1.18.1\STM32CubeIDE\plugins\com.st.stm32cube.common.mx_6.14.1.202504091515
2025-06-24 09:36:54,894 [INFO] ThirdPartyUpdaterWithRetryManager:70 - Updater plugin not ready yet. [2/15]
2025-06-24 09:36:55,065 [ERROR] LogOutputStream:75 - [STDERR_REDIRECT] Jun 24, 2025 9:36:55 AM java.util.prefs.WindowsPreferences <init>
2025-06-24 09:36:55,066 [ERROR] LogOutputStream:75 - [STDERR_REDIRECT] WARNING: Could not open/create prefs root node Software\JavaSoft\Prefs at root 0xffffffff80000002. Windows RegCreateKeyEx(...) returned error code 5.
2025-06-24 09:36:55,066 [ERROR] LogOutputStream:75 - [STDERR_REDIRECT] 
2025-06-24 09:36:55,528 [INFO] MainUpdater:2872 - connection check result : 10
2025-06-24 09:36:55,529 [INFO] MainUpdater:289 - Updater Check For Update Now.
2025-06-24 09:36:55,529 [INFO] MicroXplorer:498 - Change Database Version : DB.6.0.141
2025-06-24 09:36:55,551 [INFO] McuFinderGlobals:63 - Set McuFinder mode to 2 (CubeIDE integrated)
2025-06-24 09:36:55,552 [INFO] UserAuth:484 - Internet connection configuration mode: 1
2025-06-24 09:36:55,581 [INFO] JxBrowserEngine:152 - Initiate JxBrowser Engine with user profile folder
2025-06-24 09:36:55,752 [INFO] CheckServerUpdateThread:120 - End of CheckServer Thread
2025-06-24 09:36:56,880 [INFO] WebApp:169 - Instantiating new browser for Auth
2025-06-24 09:36:57,736 [INFO] WebApp:463 - Apply proxy settings
2025-06-24 09:36:57,736 [INFO] WebApp:548 - Chromium requires no authentication
2025-06-24 09:36:57,749 [INFO] WebApp:491 - Direct internet connection detected
2025-06-24 09:36:57,782 [INFO] WebApp:894 - Register for checkConnection events
2025-06-24 09:36:57,782 [INFO] WebApp:463 - Apply proxy settings
2025-06-24 09:36:57,782 [INFO] WebApp:548 - Chromium requires no authentication
2025-06-24 09:36:57,782 [INFO] WebApp:491 - Direct internet connection detected
2025-06-24 09:36:58,104 [INFO] WebApp:191 - Connection restablished
2025-06-24 09:36:58,156 [WARN] PackLoader:240 - Cannot read IP mode file for STMicroelectronics.FP-SNS-MOTENVWB1.1.4.0
2025-06-24 09:36:58,161 [INFO] WebApp:225 - Starting web application
2025-06-24 09:36:58,161 [INFO] WebApp:593 - Web application path used C:\ST\STM32CubeIDE_1.18.1\STM32CubeIDE\plugins\com.st.stm32cube.common.mx_6.14.1.202504091515\db\plugins\mcufinder\reactClient1\index.html
2025-06-24 09:36:58,180 [WARN] PackLoader:240 - Cannot read IP mode file for STMicroelectronics.FP-ATR-ASTRA1.2.0.2
2025-06-24 09:36:58,191 [WARN] PackLoader:240 - Cannot read IP mode file for STMicroelectronics.X-CUBE-ST60.1.0.0
2025-06-24 09:36:58,267 [WARN] PackLoader:240 - Cannot read IP mode file for Infineon.AIROC-Wi-Fi-Bluetooth-STM32.1.7.0
2025-06-24 09:36:58,297 [WARN] PackLoader:240 - Cannot read IP mode file for STMicroelectronics.X-CUBE-NFC10.1.0.0
2025-06-24 09:36:58,316 [WARN] PackLoader:240 - Cannot read IP mode file for STMicroelectronics.X-CUBE-BLEMGR.4.0.0
2025-06-24 09:36:58,335 [WARN] ConditionMgr:438 - getConditionDescription Invalid condition id : Cortex-A Device cause : null
2025-06-24 09:36:58,365 [WARN] ConditionMgr:1044 - genDependencies : Invalid condition id : Cortex-A Device cause : null
2025-06-24 09:36:58,365 [WARN] ConditionMgr:1044 - genDependencies : Invalid condition id : Cortex-A Device cause : null
2025-06-24 09:36:58,365 [WARN] ConditionMgr:1044 - genDependencies : Invalid condition id : Cortex-A Device cause : null
2025-06-24 09:36:58,375 [WARN] PackLoader:240 - Cannot read IP mode file for STMicroelectronics.X-CUBE-AI.10.0.0
2025-06-24 09:36:58,399 [WARN] PackLoader:240 - Cannot read IP mode file for STMicroelectronics.FP-SNS-SMARTAG2.1.2.0
2025-06-24 09:36:58,409 [WARN] PackLoader:240 - Cannot read IP mode file for STMicroelectronics.FP-SNS-FLIGHT1.5.1.0
2025-06-24 09:36:58,419 [WARN] PackLoader:240 - Cannot read IP mode file for STMicroelectronics.FP-SNS-MOTENV1.5.0.0
2025-06-24 09:36:58,439 [WARN] PackLoader:240 - Cannot read IP mode file for STMicroelectronics.X-CUBE-NFC9.1.0.0
2025-06-24 09:36:58,451 [WARN] PackLoader:240 - Cannot read IP mode file for STMicroelectronics.X-CUBE-BLE1.7.1.0
2025-06-24 09:36:58,457 [WARN] PackLoader:240 - Cannot read IP mode file for wolfSSL.I-CUBE-wolfMQTT.1.19.2
2025-06-24 09:36:58,461 [INFO] UserAuth:484 - Internet connection configuration mode: 1
2025-06-24 09:36:58,462 [WARN] PackLoader:240 - Cannot read IP mode file for STMicroelectronics.X-CUBE-AI.10.1.0
2025-06-24 09:36:58,589 [WARN] PackLoader:240 - Cannot read IP mode file for STMicroelectronics.X-CUBE-MEMS1.11.2.0
2025-06-24 09:36:58,866 [WARN] PackLoader:240 - Cannot read IP mode file for STMicroelectronics.X-CUBE-SAFEA1.1.2.2
2025-06-24 09:36:58,876 [WARN] PackLoader:240 - Cannot read IP mode file for EmbeddedOffice.I-CUBE-FS-RTOS.1.0.1
2025-06-24 09:36:58,881 [WARN] PackLoader:240 - Cannot read IP mode file for STMicroelectronics.X-CUBE-WB05N.2.0.0
2025-06-24 09:36:58,887 [WARN] PackLoader:240 - Cannot read IP mode file for wolfSSL.I-CUBE-wolfTPM.3.8.0
2025-06-24 09:36:58,901 [WARN] PackLoader:240 - Cannot read IP mode file for STMicroelectronics.X-CUBE-TCPP.4.2.0
2025-06-24 09:36:58,907 [WARN] PackLoader:240 - Cannot read IP mode file for RealThread.X-CUBE-RT-Thread_Nano.4.1.1
2025-06-24 09:36:58,912 [WARN] PackLoader:240 - Cannot read IP mode file for STMicroelectronics.X-CUBE-EEPRMA1.5.1.0
2025-06-24 09:36:58,920 [WARN] PackLoader:240 - Cannot read IP mode file for ITTIA_DB.I-CUBE-ITTIADB.8.9.0
2025-06-24 09:36:58,926 [WARN] PackLoader:240 - Cannot read IP mode file for STMicroelectronics.X-CUBE-ST67W61.1.0.0
2025-06-24 09:36:58,932 [WARN] PackLoader:240 - Cannot read IP mode file for STMicroelectronics.X-CUBE-ALGOBUILD.1.4.0
2025-06-24 09:36:58,975 [WARN] PackLoader:240 - Cannot read IP mode file for STMicroelectronics.X-CUBE-MEMS1.11.3.0
2025-06-24 09:36:59,113 [WARN] PackLoader:240 - Cannot read IP mode file for STMicroelectronics.X-CUBE-PM33A1.1.0.0
2025-06-24 09:36:59,117 [WARN] PackLoader:240 - Cannot read IP mode file for Avnet-IotConnect.X-CUBE-IoTC-DA16k-PMOD.1.0.0
2025-06-24 09:36:59,121 [WARN] PackLoader:240 - Cannot read IP mode file for STMicroelectronics.X-CUBE-ISPU.2.1.0
2025-06-24 09:36:59,126 [WARN] PackLoader:240 - Cannot read IP mode file for STMicroelectronics.X-CUBE-NFC6.3.1.0
2025-06-24 09:36:59,131 [WARN] PackLoader:240 - Cannot read IP mode file for STMicroelectronics.X-CUBE-FREERTOS.1.3.1
2025-06-24 09:36:59,137 [WARN] PackLoader:240 - Cannot read IP mode file for STMicroelectronics.X-CUBE-DPower.1.3.0
2025-06-24 09:36:59,155 [WARN] PackLoader:240 - Cannot read IP mode file for STMicroelectronics.X-CUBE-AZRTOS-H7.3.3.0
2025-06-24 09:36:59,162 [WARN] PackLoader:240 - Cannot read IP mode file for STMicroelectronics.X-CUBE-GNSS1.7.0.1
2025-06-24 09:36:59,167 [WARN] PackLoader:240 - Cannot read IP mode file for STMicroelectronics.X-CUBE-TOUCHGFX.4.25.0
2025-06-24 09:36:59,174 [WARN] PackLoader:240 - Cannot read IP mode file for STMicroelectronics.FP-SNS-STBOX1.2.0.0
2025-06-24 09:36:59,197 [WARN] PackLoader:240 - Cannot read IP mode file for STMicroelectronics.X-CUBE-AZRTOS-H7RS.1.1.0
2025-06-24 09:36:59,208 [WARN] PackLoader:240 - Cannot read IP mode file for Cesanta.I-CUBE-Mongoose.7.13.0
2025-06-24 09:36:59,212 [WARN] PackLoader:240 - Cannot read IP mode file for wolfSSL.I-CUBE-wolfSSH.1.4.20
2025-06-24 09:36:59,217 [WARN] PackLoader:240 - Cannot read IP mode file for STMicroelectronics.X-CUBE-NFC7.2.0.0
2025-06-24 09:36:59,233 [WARN] PackLoader:240 - Cannot read IP mode file for STMicroelectronics.X-CUBE-IPS.3.1.0
2025-06-24 09:36:59,245 [WARN] PackLoader:240 - Cannot read IP mode file for STMicroelectronics.X-CUBE-ALS.1.0.2
2025-06-24 09:36:59,261 [WARN] PackLoader:240 - Cannot read IP mode file for STMicroelectronics.X-CUBE-TOF1.3.4.3
2025-06-24 09:36:59,303 [INFO] ThirdParty:978 - Integrity check success = true
2025-06-24 09:36:59,303 [INFO] IntegrityCheckThread:100 - exiting critical section [integrity check]
2025-06-24 09:36:59,303 [INFO] IntegrityCheckThread:103 - End integrity checks thread
2025-06-24 10:06:39,620 [INFO] WebApp:194 - Connection lost
2025-06-24 10:06:39,893 [INFO] WebApp:191 - Connection restablished
2025-06-24 11:07:37,298 [ERROR] LogOutputStream:75 - [STDERR_REDIRECT] 
